<?xml version="1.0" encoding="UTF-8"?>
<testng-results ignored="0" total="1" passed="1" failed="0" skipped="0">
  <reporter-output>
  </reporter-output>
  <suite started-at="2021-03-04T23:14:53 IST" name="Default suite" finished-at="2021-03-04T23:15:20 IST" duration-ms="26616">
    <groups>
    </groups>
    <test started-at="2021-03-04T23:14:53 IST" name="Default test" finished-at="2021-03-04T23:15:20 IST" duration-ms="26616">
      <class name="TestScripts.DynamicXpath_MakeMyTrip">
        <test-method signature="TicketBook()[pri:0, instance:TestScripts.DynamicXpath_MakeMyTrip@36d585c]" started-at="2021-03-04T23:14:53 IST" name="TicketBook" finished-at="2021-03-04T23:15:20 IST" duration-ms="26548" status="PASS">
          <reporter-output>
          </reporter-output>
        </test-method> <!-- TicketBook -->
      </class> <!-- TestScripts.DynamicXpath_MakeMyTrip -->
    </test> <!-- Default test -->
  </suite> <!-- Default suite -->
</testng-results>
